[0m22:00:19.609793 [debug] [MainThread]: Sending event: {'category': 'dbt', 'action': 'invocation', 'label': 'start', 'context': [<snowplow_tracker.self_describing_json.SelfDescribingJson object at 0x7f5b1e3b2250>, <snowplow_tracker.self_describing_json.SelfDescribingJson object at 0x7f5b1e381f50>, <snowplow_tracker.self_describing_json.SelfDescribingJson object at 0x7f5b1e1d36d0>]}


============================== 22:00:19.612974 | 723fb6f5-7f36-47d9-bd2e-80dca71cb72f ==============================
[0m22:00:19.612974 [info ] [MainThread]: Running with dbt=1.7.3
[0m22:00:19.613558 [debug] [MainThread]: running dbt with arguments {'printer_width': '80', 'indirect_selection': 'eager', 'log_cache_events': 'False', 'write_json': 'True', 'partial_parse': 'True', 'cache_selected_only': 'False', 'profiles_dir': '/home/longnguyen/.dbt', 'debug': 'False', 'version_check': 'True', 'log_path': 'logs', 'fail_fast': 'False', 'warn_error': 'None', 'use_colors': 'True', 'use_experimental_parser': 'False', 'no_print': 'None', 'quiet': 'False', 'warn_error_options': 'WarnErrorOptions(include=[], exclude=[])', 'static_parser': 'True', 'log_format': 'default', 'introspect': 'True', 'target_path': 'None', 'invocation_command': 'dbt init my_dbt', 'send_anonymous_usage_stats': 'True'}
[0m22:00:19.614422 [debug] [MainThread]: Starter project path: /home/longnguyen/Documents/Coding/Python/Learn_DBT/dbt_with_postgresql/dbt_env/lib/python3.11/site-packages/dbt/include/starter_project
[0m22:00:19.617197 [info ] [MainThread]: 
Your new dbt project "my_dbt" was created!

For more information on how to configure the profiles.yml file,
please consult the dbt documentation here:

  https://docs.getdbt.com/docs/configure-your-profile

One more thing:

Need help? Don't hesitate to reach out to us via GitHub issues or on Slack:

  https://community.getdbt.com/

Happy modeling!

[0m22:00:19.617707 [info ] [MainThread]: Setting up your profile.
[0m22:01:17.216781 [info ] [MainThread]: Profile my_dbt written to /home/longnguyen/.dbt/profiles.yml using target's profile_template.yml and your supplied values. Run 'dbt debug' to validate the connection.
[0m22:01:17.217961 [debug] [MainThread]: Resource report: {"command_name": "init", "command_success": true, "command_wall_clock_time": 57.64139, "process_user_time": 1.365501, "process_kernel_time": 0.123773, "process_mem_max_rss": "102580", "process_out_blocks": "80", "process_in_blocks": "0"}
[0m22:01:17.218696 [debug] [MainThread]: Command `dbt init` succeeded at 22:01:17.218517 after 57.64 seconds
[0m22:01:17.219236 [debug] [MainThread]: Sending event: {'category': 'dbt', 'action': 'invocation', 'label': 'end', 'context': [<snowplow_tracker.self_describing_json.SelfDescribingJson object at 0x7f5b22a133d0>, <snowplow_tracker.self_describing_json.SelfDescribingJson object at 0x7f5b1e1d85d0>, <snowplow_tracker.self_describing_json.SelfDescribingJson object at 0x7f5b22ab5a50>]}
[0m22:01:17.219806 [debug] [MainThread]: Flushing usage events
[0m22:01:27.318377 [debug] [MainThread]: Sending event: {'category': 'dbt', 'action': 'invocation', 'label': 'start', 'context': [<snowplow_tracker.self_describing_json.SelfDescribingJson object at 0x7f4dca176390>, <snowplow_tracker.self_describing_json.SelfDescribingJson object at 0x7f4dca338910>, <snowplow_tracker.self_describing_json.SelfDescribingJson object at 0x7f4dca33b190>]}


============================== 22:01:27.321620 | ee19ff57-5b34-4de6-9655-be1b53520e33 ==============================
[0m22:01:27.321620 [info ] [MainThread]: Running with dbt=1.7.3
[0m22:01:27.322401 [debug] [MainThread]: running dbt with arguments {'printer_width': '80', 'indirect_selection': 'eager', 'log_cache_events': 'False', 'write_json': 'True', 'partial_parse': 'True', 'cache_selected_only': 'False', 'profiles_dir': '/home/longnguyen/.dbt', 'debug': 'False', 'warn_error': 'None', 'log_path': 'logs', 'version_check': 'True', 'fail_fast': 'False', 'use_colors': 'True', 'use_experimental_parser': 'False', 'no_print': 'None', 'quiet': 'False', 'log_format': 'default', 'static_parser': 'True', 'introspect': 'True', 'invocation_command': 'dbt debug', 'target_path': 'None', 'warn_error_options': 'WarnErrorOptions(include=[], exclude=[])', 'send_anonymous_usage_stats': 'True'}
[0m22:01:27.323330 [info ] [MainThread]: dbt version: 1.7.3
[0m22:01:27.323956 [info ] [MainThread]: python version: 3.11.6
[0m22:01:27.324474 [info ] [MainThread]: python path: /home/longnguyen/Documents/Coding/Python/Learn_DBT/dbt_with_postgresql/dbt_env/bin/python3
[0m22:01:27.324936 [info ] [MainThread]: os info: Linux-6.5.0-13-generic-x86_64-with-glibc2.38
[0m22:01:27.407563 [info ] [MainThread]: Using profiles dir at /home/longnguyen/.dbt
[0m22:01:27.408056 [info ] [MainThread]: Using profiles.yml file at /home/longnguyen/.dbt/profiles.yml
[0m22:01:27.408386 [info ] [MainThread]: Using dbt_project.yml file at /home/longnguyen/Documents/Coding/Python/Learn_DBT/dbt_with_postgresql/dbt_project.yml
[0m22:01:27.408794 [error] [MainThread]: Encountered an error:
Internal Error
  Profile should not be None if loading profile completed
[0m22:01:27.409560 [debug] [MainThread]: Resource report: {"command_name": "debug", "command_wall_clock_time": 0.12338664, "process_user_time": 1.414719, "process_kernel_time": 0.175345, "process_mem_max_rss": "102584", "process_out_blocks": "16", "command_success": false, "process_in_blocks": "0"}
[0m22:01:27.410078 [debug] [MainThread]: Command `dbt debug` failed at 22:01:27.409952 after 0.12 seconds
[0m22:01:27.410460 [debug] [MainThread]: Sending event: {'category': 'dbt', 'action': 'invocation', 'label': 'end', 'context': [<snowplow_tracker.self_describing_json.SelfDescribingJson object at 0x7f4dce9d3290>, <snowplow_tracker.self_describing_json.SelfDescribingJson object at 0x7f4dca326390>, <snowplow_tracker.self_describing_json.SelfDescribingJson object at 0x7f4dca17c950>]}
[0m22:01:27.410840 [debug] [MainThread]: Flushing usage events
[0m22:15:41.818426 [debug] [MainThread]: Sending event: {'category': 'dbt', 'action': 'invocation', 'label': 'start', 'context': [<snowplow_tracker.self_describing_json.SelfDescribingJson object at 0x7f5cc2fc78d0>, <snowplow_tracker.self_describing_json.SelfDescribingJson object at 0x7f5cc2fc4c50>, <snowplow_tracker.self_describing_json.SelfDescribingJson object at 0x7f5cc2fc7a10>]}


============================== 22:15:41.821205 | 60cb8862-4b6c-48cc-9d37-1bbdb5cf4617 ==============================
[0m22:15:41.821205 [info ] [MainThread]: Running with dbt=1.7.3
[0m22:15:41.821697 [debug] [MainThread]: running dbt with arguments {'printer_width': '80', 'indirect_selection': 'eager', 'write_json': 'True', 'log_cache_events': 'False', 'partial_parse': 'True', 'cache_selected_only': 'False', 'profiles_dir': '/home/longnguyen/.dbt', 'fail_fast': 'False', 'debug': 'False', 'log_path': 'logs', 'version_check': 'True', 'warn_error': 'None', 'use_colors': 'True', 'use_experimental_parser': 'False', 'no_print': 'None', 'quiet': 'False', 'warn_error_options': 'WarnErrorOptions(include=[], exclude=[])', 'static_parser': 'True', 'invocation_command': 'dbt debug', 'log_format': 'default', 'target_path': 'None', 'introspect': 'True', 'send_anonymous_usage_stats': 'True'}
[0m22:15:41.822198 [info ] [MainThread]: dbt version: 1.7.3
[0m22:15:41.822579 [info ] [MainThread]: python version: 3.11.6
[0m22:15:41.822929 [info ] [MainThread]: python path: /home/longnguyen/Documents/Coding/Python/Learn_DBT/dbt_with_postgresql/dbt_env/bin/python3
[0m22:15:41.823252 [info ] [MainThread]: os info: Linux-6.5.0-13-generic-x86_64-with-glibc2.38
[0m22:15:41.889780 [info ] [MainThread]: Using profiles dir at /home/longnguyen/.dbt
[0m22:15:41.890342 [info ] [MainThread]: Using profiles.yml file at /home/longnguyen/.dbt/profiles.yml
[0m22:15:41.890728 [info ] [MainThread]: Using dbt_project.yml file at /home/longnguyen/Documents/Coding/Python/Learn_DBT/dbt_with_postgresql/dbt_project.yml
[0m22:15:41.891252 [info ] [MainThread]: adapter type: postgres
[0m22:15:41.891575 [info ] [MainThread]: adapter version: 1.7.3
[0m22:15:41.891898 [info ] [MainThread]: Configuration:
[0m22:15:41.892201 [info ] [MainThread]:   profiles.yml file [[32mOK found and valid[0m]
[0m22:15:41.892518 [info ] [MainThread]:   dbt_project.yml file [[31mERROR not found[0m]
[0m22:15:41.892820 [info ] [MainThread]: Required dependencies:
[0m22:15:41.893139 [debug] [MainThread]: Executing "git --help"
[0m22:15:41.895509 [debug] [MainThread]: STDOUT: "b"usage: git [-v | --version] [-h | --help] [-C <path>] [-c <name>=<value>]\n           [--exec-path[=<path>]] [--html-path] [--man-path] [--info-path]\n           [-p | --paginate | -P | --no-pager] [--no-replace-objects] [--bare]\n           [--git-dir=<path>] [--work-tree=<path>] [--namespace=<name>]\n           [--config-env=<name>=<envvar>] <command> [<args>]\n\nThese are common Git commands used in various situations:\n\nstart a working area (see also: git help tutorial)\n   clone     Clone a repository into a new directory\n   init      Create an empty Git repository or reinitialize an existing one\n\nwork on the current change (see also: git help everyday)\n   add       Add file contents to the index\n   mv        Move or rename a file, a directory, or a symlink\n   restore   Restore working tree files\n   rm        Remove files from the working tree and from the index\n\nexamine the history and state (see also: git help revisions)\n   bisect    Use binary search to find the commit that introduced a bug\n   diff      Show changes between commits, commit and working tree, etc\n   grep      Print lines matching a pattern\n   log       Show commit logs\n   show      Show various types of objects\n   status    Show the working tree status\n\ngrow, mark and tweak your common history\n   branch    List, create, or delete branches\n   commit    Record changes to the repository\n   merge     Join two or more development histories together\n   rebase    Reapply commits on top of another base tip\n   reset     Reset current HEAD to the specified state\n   switch    Switch branches\n   tag       Create, list, delete or verify a tag object signed with GPG\n\ncollaborate (see also: git help workflows)\n   fetch     Download objects and refs from another repository\n   pull      Fetch from and integrate with another repository or a local branch\n   push      Update remote refs along with associated objects\n\n'git help -a' and 'git help -g' list available subcommands and some\nconcept guides. See 'git help <command>' or 'git help <concept>'\nto read about a specific subcommand or concept.\nSee 'git help git' for an overview of the system.\n""
[0m22:15:41.896005 [debug] [MainThread]: STDERR: "b''"
[0m22:15:41.896322 [info ] [MainThread]:  - git [[32mOK found[0m]

[0m22:15:41.896689 [info ] [MainThread]: Connection:
[0m22:15:41.897120 [info ] [MainThread]:   host: 127.0.0.1
[0m22:15:41.897514 [info ] [MainThread]:   port: 5432
[0m22:15:41.897850 [info ] [MainThread]:   user: postgres
[0m22:15:41.898162 [info ] [MainThread]:   database: postgres
[0m22:15:41.898477 [info ] [MainThread]:   schema: job_it
[0m22:15:41.898792 [info ] [MainThread]:   connect_timeout: 10
[0m22:15:41.899124 [info ] [MainThread]:   role: None
[0m22:15:41.899440 [info ] [MainThread]:   search_path: None
[0m22:15:41.899741 [info ] [MainThread]:   keepalives_idle: 0
[0m22:15:41.900043 [info ] [MainThread]:   sslmode: None
[0m22:15:41.900345 [info ] [MainThread]:   sslcert: None
[0m22:15:41.900651 [info ] [MainThread]:   sslkey: None
[0m22:15:41.900959 [info ] [MainThread]:   sslrootcert: None
[0m22:15:41.901301 [info ] [MainThread]:   application_name: dbt
[0m22:15:41.901631 [info ] [MainThread]:   retries: 1
[0m22:15:41.902004 [info ] [MainThread]: Registered adapter: postgres=1.7.3
[0m22:15:41.902566 [debug] [MainThread]: Acquiring new postgres connection 'debug'
[0m22:15:41.902918 [debug] [MainThread]: Using postgres connection "debug"
[0m22:15:41.903230 [debug] [MainThread]: On debug: select 1 as id
[0m22:15:41.903532 [debug] [MainThread]: Opening a new connection, currently in state init
[0m22:15:41.912235 [debug] [MainThread]: SQL status: SELECT 1 in 0.0 seconds
[0m22:15:41.913183 [debug] [MainThread]: On debug: Close
[0m22:15:41.913753 [info ] [MainThread]:   Connection test: [[32mOK connection ok[0m]

[0m22:15:41.914154 [info ] [MainThread]: [31m1 check failed:[0m
[0m22:15:41.914480 [info ] [MainThread]: Project loading failed for the following reason:
 project path </home/longnguyen/Documents/Coding/Python/Learn_DBT/dbt_with_postgresql/dbt_project.yml> not found

[0m22:15:41.915304 [debug] [MainThread]: Resource report: {"command_name": "debug", "command_wall_clock_time": 0.12651004, "process_user_time": 1.312917, "process_kernel_time": 0.159625, "process_mem_max_rss": "106416", "process_out_blocks": "24", "command_success": false, "process_in_blocks": "0"}
[0m22:15:41.915867 [debug] [MainThread]: Command `dbt debug` failed at 22:15:41.915731 after 0.13 seconds
[0m22:15:41.916234 [debug] [MainThread]: Connection 'debug' was properly closed.
[0m22:15:41.916620 [debug] [MainThread]: Sending event: {'category': 'dbt', 'action': 'invocation', 'label': 'end', 'context': [<snowplow_tracker.self_describing_json.SelfDescribingJson object at 0x7f5cc7813290>, <snowplow_tracker.self_describing_json.SelfDescribingJson object at 0x7f5cc3ea8b50>, <snowplow_tracker.self_describing_json.SelfDescribingJson object at 0x7f5cc2ff9c10>]}
[0m22:15:41.917012 [debug] [MainThread]: Flushing usage events
